1580441751293	mozrunner::runner	INFO	Running command: "C:\\Program Files\\Mozilla Firefox\\firefox.exe" "-marionette" "-foreground" "-no-remote" "-profile" "C:\\Users\\恋战\\AppData\\Local\\Temp\\rust_mozprofileTXm7z7"
1580441752291	addons.webextension.doh-rollout@mozilla.org	WARN	Loading extension 'doh-rollout@mozilla.org': Reading manifest: Invalid extension permission: networkStatus
1580441752534	addons.webextension.screenshots@mozilla.org	WARN	Loading extension 'screenshots@mozilla.org': Reading manifest: Invalid extension permission: mozillaAddons
1580441752534	addons.webextension.screenshots@mozilla.org	WARN	Loading extension 'screenshots@mozilla.org': Reading manifest: Invalid extension permission: telemetry
1580441752535	addons.webextension.screenshots@mozilla.org	WARN	Loading extension 'screenshots@mozilla.org': Reading manifest: Invalid extension permission: resource://pdf.js/
1580441752535	addons.webextension.screenshots@mozilla.org	WARN	Loading extension 'screenshots@mozilla.org': Reading manifest: Invalid extension permission: about:reader*
JavaScript error: resource://gre/modules/XULStore.jsm, line 66: Error: Can't find profile directory.
1580441759384	Marionette	INFO	Listening on port 56242
1580441759688	Marionette	WARN	TLS certificate errors will be ignored for this session
JavaScript error: resource://gre/modules/IndexedDB.jsm, line 370: UnknownError: The operation failed for reasons unrelated to the database itself and not covered by any other error code.
1580442595108	Marionette	INFO	Stopped listening on port 56242

###!!! [Child][RunMessage] Error: Channel closing: too late to send/recv, messages will be lost


###!!! [Child][MessageChannel::SendAndWait] Error: Channel error: cannot send/recv

zilla.org	WARN	Loading extension 'screenshots@mozilla.org': Reading manifest: Invalid extension permission: mozillaAddons
1580441782525	addons.webextension.screenshots@mozilla.org	WARN	Loading extension 'screenshots@mozilla.org': Reading manifest: Invalid extension permission: telemetry
1580441782525	addons.webextension.screenshots@mozilla.org	WARN	Loading extension 'screenshots@mozilla.org': Reading manifest: Invalid extension permission: resource://pdf.js/
1580441782525	addons.webextension.screenshots@mozilla.org	WARN	Loading extension 'screenshots@mozilla.org': Reading manifest: Invalid extension permission: about:reader*
JavaScript error: resource://gre/modules/XULStore.jsm, line 66: Error: Can't find profile directory.
1580441787710	Marionette	INFO	Listening on port 56302
1580441787765	Marionette	WARN	TLS certificate errors will be ignored for this session
JavaScript warning: https://apps.bdimg.com/libs/jquery/1.10.2/jquery.min.js, line 2: Using //@ to indicate sourceMappingURL pragmas is deprecated. Use //# instead
1580441800472	Marionette	WARN	TimedPromise timed out after 0 ms: stacktrace:
bail@chrome://marionette/content/sync.js:237:64
1580441800741	Marionette	WARN	TimedPromise timed out after 0 ms: stacktrace:
bail@chrome://marionette/content/sync.js:237:64
1580441800742	Marionette	WARN	TimedPromise timed out after 0 ms: stacktrace:
bail@chrome://marionette/content/sync.js:237:64
1580441804291	Marionette	WARN	TimedPromise timed out after 0 ms: stacktrace:
bail@chrome://marionette/content/sync.js:237:64
1580441806190	Marionette	INFO	Stopped listening on port 56302

###!!! [Child][RunMessage] Error: Channel closing: too late to send/recv, messages will be lost


###!!! [Child][MessageChannel::SendAndWait] Error: Channel error: cannot send/recv

1580441816147	mozrunner::runner	INFO	Running command: "C:\\Program Files\\Mozilla Firefox\\firefox.exe" "-marionette" "-foreground" "-no-remote" "-profile" "C:\\Users\\恋战\\AppData\\Local\\Temp\\rust_mozprofilewClOdM"
1580441817191	addons.webextension.doh-rollout@mozilla.org	WARN	Loading extension 'doh-rollout@mozilla.org': Reading manifest: Invalid extension permission: networkStatus
1580441817423	addons.webextension.screenshots@mozilla.org	WARN	Loading extension 'screenshots@mozilla.org': Reading manifest: Invalid extension permission: mozillaAddons
1580441817423	addons.webextension.screenshots@mozilla.org	WARN	Loading extension 'screenshots@mozilla.org': Reading manifest: Invalid extension permission: telemetry
1580441817423	addons.webextension.screenshots@mozilla.org	WARN	Loading extension 'screenshots@mozilla.org': Reading manifest: Invalid extension permission: resource://pdf.js/
1580441817423	addons.webextension.screenshots@mozilla.org	WARN	Loading extension 'screenshots@mozilla.org': Reading manifest: Invalid extension permission: about:reader*
JavaScript error: resource://gre/modules/XULStore.jsm, line 66: Error: Can't find profile directory.
1580441823490	Marionette	INFO	Listening on port 56385
1580441823806	Marionette	WARN	TLS certificate errors will be ignored for this session
1580441835553	Marionette	INFO	Stopped listening on port 56385

###!!! [Child][RunMessage] Error: Channel closing: too late to send/recv, messages will be lost


###!!! [Child][MessageChannel::SendAndWait] Error: Channel error: cannot send/recv

1580441862360	mozrunner::runner	INFO	Running command: "C:\\Program Files\\Mozilla Firefox\\firefox.exe" "-marionette" "-foreground" "-no-remote" "-profile" "C:\\Users\\恋战\\AppData\\Local\\Temp\\rust_mozprofileut8ePO"
1580441863433	addons.webextension.doh-rollout@mozilla.org	WARN	Loading extension 'doh-rollout@mozilla.org': Reading manifest: Invalid extension permission: networkStatus
1580441863533	addons.webextension.screenshots@mozilla.org	WARN	Loading extension 'screenshots@mozilla.org': Reading manifest: Invalid extension permission: mozillaAddons
1580441863533	addons.webextension.screenshots@mozilla.org	WARN	Loading extension 'screenshots@mozilla.org': Reading manifest: Invalid extension permission: telemetry
1580441863534	addons.webextension.screenshots@mozilla.org	WARN	Loading extension 'screenshots@mozilla.org': Reading manifest: Invalid extension permission: resource://pdf.js/
1580441863534	addons.webextension.screenshots@mozilla.org	WARN	Loading extension 'screenshots@mozilla.org': Reading manifest: Invalid extension permission: about:reader*
JavaScript error: resource://gre/modules/XULStore.jsm, line 66: Error: Can't find profile directory.
1580441868517	Marionette	INFO	Listening on port 56443
1580441868692	Marionette	WARN	TLS certificate errors will be ignored for this session
JavaScript warning: https://mmds.suning.com/mmds/mmds.js?v=202001140115&appCode=sSBPSduMXbsBS0Ra, line 3: unreachable code after return statement
JavaScript warning: https://mmds.suning.com/mmds/mmds.js?v=202001140115&appCode=sSBPSduMXbsBS0Ra, line 3: unreachable code after return statement
JavaScript warning: https://mmds.suning.com/mmds/mmds.js?v=202001140115&appCode=sSBPSduMXbsBS0Ra, line 3: unreachable code after return statement
JavaScript warning: https://mmds.suning.com/mmds/mmds.js?v=202001140115&appCode=sSBPSduMXbsBS0Ra, line 3: unreachable code after return statement
JavaScript warning: https://mmds.suning.com/mmds/mmds.js?v=202001140115&appCode=sSBPSduMXbsBS0Ra, line 3: unreachable code after return statement
JavaScript warning: https://mmds.suning.com/mmds/mmds.js?v=202001140115&appCode=sSBPSduMXbsBS0Ra, line 3: unreachable code after return statement
JavaScript warning: https://mmds.suning.com/mmds/mmds.js?v=202001140115&appCode=sSBPSduMXbsBS0Ra, line 3: unreachable code after return statement
JavaScript warning: https://mmds.suning.com/mmds/mmds.js?v=202001140115&appCode=sSBPSduMXbsBS0Ra, line 3: unreachable code after return statement
JavaScript warning: https://mmds.suning.com/mmds/mmds.js?v=202001140115&appCode=sSBPSduMXbsBS0Ra, line 3: unreachable code after return statement
JavaScript warning: https://mmds.suning.com/mmds/mmds.js?v=202001140115&appCode=sSBPSduMXbsBS0Ra, line 3: unreachable code after return statement
JavaScript warning: https://mmds.suning.com/mmds/mmds.js?v=202001140115&appCode=sSBPSduMXbsBS0Ra, line 3: unreachable code after return statement
JavaScript warning: https://mmds.suning.com/mmds/mmds.js?v=202001140115&appCode=sSBPSduMXbsBS0Ra, line 3: unreachable code after return statement
JavaScript warning: https://mmds.suning.com/mmds/mmds.js?v=202001140115&appCode=sSBPSduMXbsBS0Ra, line 3: unreachable code after return statement
JavaScript warning: https://mmds.suning.com/mmds/mmds.js?v=202001140115&appCode=sSBPSduMXbsBS0Ra, line 3: unreachable code after return statement
JavaScript warning: https://mmds.suning.com/mmds/mmds.js?v=202001140115&appCode=sSBPSduMXbsBS0Ra, line 3: unreachable code after return statement
JavaScript warning: https://mmds.suning.com/mmds/mmds.js?v=202001140115&appCode=sSBPSduMXbsBS0Ra, line 3: unreachable code after return statement
JavaScript warning: https://mmds.suning.com/mmds/mmds.js?v=202001140115&appCode=sSBPSduMXbsBS0Ra, line 3: unreachable code after return statement
JavaScript warning: https://mmds.suning.com/mmds/mmds.js?v=202001140115&appCode=sSBPSduMXbsBS0Ra, line 3: unreachable code after return statement
JavaScript warning: https://mmds.suning.com/mmds/mmds.js?v=202001140115&appCode=sSBPSduMXbsBS0Ra, line 3: unreachable code after return statement
JavaScript warning: https://mmds.suning.com/mmds/mmds.js?v=202001140115&appCode=sSBPSduMXbsBS0Ra, line 3: unreachable code after return statement
JavaScript warning: https://mmds.suning.com/mmds/mmds.js?v=202001140115&appCode=sSBPSduMXbsBS0Ra, line 3: unreachable code after return statement
JavaScript warning: https://mmds.suning.com/mmds/mmds.js?v=202001140115&appCode=sSBPSduMXbsBS0Ra, line 3: unreachable code after return statement
JavaScript warning: https://mmds.suning.com/mmds/mmds.js?v=202001140115&appCode=sSBPSduMXbsBS0Ra, line 3: unreachable code after return statement
JavaScript warning: https://mmds.suning.com/mmds/mmds.js?v=202001140115&appCode=sSBPSduMXbsBS0Ra, line 3: unreachable code after return statement
JavaScript warning: https://mmds.suning.com/mmds/mmds.js?v=202001140115&appCode=sSBPSduMXbsBS0Ra, line 3: unreachable code after return statement
JavaScript warning: https://mmds.suning.com/mmds/mmds.js?v=202001140115&appCode=sSBPSduMXbsBS0Ra, line 3: unreachable code after return statement
JavaScript warning: https://mmds.suning.com/mmds/mmds.js?v=202001140115&appCode=sSBPSduMXbsBS0Ra, line 3: unreachable code after return statement
JavaScript warning: https://mmds.suning.com/mmds/mmds.js?v=202001140115&appCode=sSBPSduMXbsBS0Ra, line 3: unreachable code after return statement
JavaScript warning: https://mmds.suning.com/mmds/mmds.js?v=202001140115&appCode=sSBPSduMXbsBS0Ra, line 3: unreachable code after return statement
JavaScript warning: https://mmds.suning.com/mmds/mmds.js?v=202001140115&appCode=sSBPSduMXbsBS0Ra, line 3: unreachable code after return statement
JavaScript warning: https://mmds.suning.com/mmds/mmds.js?v=202001140115&appCode=sSBPSduMXbsBS0Ra, line 3: unreachable code after return statement
JavaScript warning: https://mmds.suning.com/mmds/mmds.js?v=202001140115&appCode=sSBPSduMXbsBS0Ra, line 3: unreachable code after return statement
JavaScript warning: https://mmds.suning.com/mmds/mmds.js?v=202001140115&appCode=sSBPSduMXbsBS0Ra, line 3: unreachable code after return statement
JavaScript warning: https://mmds.suning.com/mmds/mmds.js?v=202001140115&appCode=sSBPSduMXbsBS0Ra, line 3: unreachable code after return statement
JavaScript warning: https://mmds.suning.com/mmds/mmds.js?v=202001140115&appCode=sSBPSduMXbsBS0Ra, line 3: unreachable code after return statement
JavaScript warning: https://mmds.suning.com/mmds/mmds.js?v=202001140115&appCode=sSBPSduMXbsBS0Ra, line 3: unreachable code after return statement
JavaScript warning: https://mmds.suning.com/mmds/mmds.js?v=202001140115&appCode=sSBPSduMXbsBS0Ra, line 3: unreachable code after return statement
JavaScript warning: https://mmds.suning.com/mmds/mmds.js?v=202001140115&appCode=sSBPSduMXbsBS0Ra, line 3: unreachable code after return statement
JavaScript warning: https://mmds.suning.com/mmds/mmds.js?v=202001140115&appCode=sSBPSduMXbsBS0Ra, line 3: unreachable code after return statement
JavaScript warning: https://mmds.suning.com/mmds/mmds.js?v=202001140115&appCode=sSBPSduMXbsBS0Ra, line 3: unreachable code after return statement
JavaScript warning: https://mmds.suning.com/mmds/mmds.js?v=202001140115&appCode=sSBPSduMXbsBS0Ra, line 3: unreachable code after return statement
JavaScript warning: https://mmds.suning.com/mmds/mmds.js?v=202001140115&appCode=sSBPSduMXbsBS0Ra, line 3: unreachable code after return statement
JavaScript warning: https://mmds.suning.com/mmds/mmds.js?v=202001140115&appCode=sSBPSduMXbsBS0Ra, line 3: unreachable code after return statement
JavaScript warning: https://mmds.suning.com/mmds/mmds.js?v=202001140115&appCode=sSBPSduMXbsBS0Ra, line 3: unreachable code after return statement
JavaScript warning: https://mmds.suning.com/mmds/mmds.js?v=202001140115&appCode=sSBPSduMXbsBS0Ra, line 3: unreachable code after return statement
JavaScript warning: https://mmds.suning.com/mmds/mmds.js?v=202001140115&appCode=sSBPSduMXbsBS0Ra, line 3: unreachable code after return statement
JavaScript warning: https://mmds.suning.com/mmds/mmds.js?v=202001140115&appCode=sSBPSduMXbsBS0Ra, line 3: unreachable code after return statement
JavaScript warning: https://mmds.suning.com/mmds/mmds.js?v=202001140115&appCode=sSBPSduMXbsBS0Ra, line 3: unreachable code after return statement
JavaScript warning: https://mmds.suning.com/mmds/mmds.js?v=202001140115&appCode=sSBPSduMXbsBS0Ra, line 3: unreachable code after return statement
JavaScript warning: https://mmds.suning.com/mmds/mmds.js?v=202001140115&appCode=sSBPSduMXbsBS0Ra, line 3: unreachable code after return statement
JavaScript warning: https://mmds.suning.com/mmds/mmds.js?v=202001140115&appCode=sSBPSduMXbsBS0Ra, line 3: unreachable code after return statement
JavaScript warning: https://mmds.suning.com/mmds/mmds.js?v=202001140115&appCode=sSBPSduMXbsBS0Ra, line 3: unreachable code after return statement
JavaScript warning: https://mmds.suning.com/mmds/mmds.js?v=202001140115&appCode=sSBPSduMXbsBS0Ra, line 3: unreachable code after return statement
JavaScript warning: https://mmds.suning.com/mmds/mmds.js?v=202001140115&appCode=sSBPSduMXbsBS0Ra, line 3: unreachable code after return statement
JavaScript warning: https://mmds.suning.com/mmds/mmds.js?v=202001140115&appCode=sSBPSduMXbsBS0Ra, line 3: unreachable code after return statement
JavaScript warning: https://mmds.suning.com/mmds/mmds.js?v=202001140115&appCode=sSBPSduMXbsBS0Ra, line 3: unreachable code after return statement
JavaScript warning: https://mmds.suning.com/mmds/mmds.js?v=202001140115&appCode=sSBPSduMXbsBS0Ra, line 3: unreachable code after return statement
JavaScript warning: https://mmds.suning.com/mmds/mmds.js?v=202001140115&appCode=sSBPSduMXbsBS0Ra, line 3: unreachable code after return statement
JavaScript warning: https://mmds.suning.com/mmds/mmds.js?v=202001140115&appCode=sSBPSduMXbsBS0Ra, line 3: unreachable code after return statement
JavaScript warning: https://mmds.suning.com/mmds/mmds.js?v=202001140115&appCode=sSBPSduMXbsBS0Ra, line 3: unreachable code after return statement
JavaScript warning: https://mmds.suning.com/mmds/mmds.js?v=202001140115&appCode=sSBPSduMXbsBS0Ra, line 3: unreachable code after return statement
JavaScript warning: https://mmds.suning.com/mmds/mmds.js?v=202001140115&appCode=sSBPSduMXbsBS0Ra, line 3: unreachable code after return statement
JavaScript warning: https://mmds.suning.com/mmds/mmds.js?v=202001140115&appCode=sSBPSduMXbsBS0Ra, line 3: unreachable code after return statement
JavaScript warning: https://mmds.suning.com/mmds/mmds.js?v=202001140115&appCode=sSBPSduMXbsBS0Ra, line 3: unreachable code after return statement
JavaScript warning: https://mmds.suning.com/mmds/mmds.js?v=202001140115&appCode=sSBPSduMXbsBS0Ra, line 3: unreachable code after return statement
JavaScript warning: https://mmds.suning.com/mmds/mmds.js?v=202001140115&appCode=sSBPSduMXbsBS0Ra, line 3: unreachable code after return statement
JavaScript warning: https://mmds.suning.com/mmds/mmds.js?v=202001140115&appCode=sSBPSduMXbsBS0Ra, line 3: unreachable code after return statement
JavaScript warning: https://mmds.suning.com/mmds/mmds.js?v=202001140115&appCode=sSBPSduMXbsBS0Ra, line 3: unreachable code after return statement
JavaScript warning: https://mmds.suning.com/mmds/mmds.js?v=202001140115&appCode=sSBPSduMXbsBS0Ra, line 3: unreachable code after return statement
JavaScript warning: https://mmds.suning.com/mmds/mmds.js?v=202001140115&appCode=sSBPSduMXbsBS0Ra, line 3: unreachable code after return statement
JavaScript warning: https://mmds.suning.com/mmds/mmds.js?v=202001140115&appCode=sSBPSduMXbsBS0Ra, line 3: unreachable code after return statement
JavaScript warning: https://mmds.suning.com/mmds/mmds.js?v=202001140115&appCode=sSBPSduMXbsBS0Ra, line 3: unreachable code after return statement
JavaScript warning: https://mmds.suning.com/mmds/mmds.js?v=202001140115&appCode=sSBPSduMXbsBS0Ra, line 3: unreachable code after return statement
JavaScript warning: https://mmds.suning.com/mmds/mmds.js?v=202001140115&appCode=sSBPSduMXbsBS0Ra, line 3: unreachable code after return statement
JavaScript warning: https://mmds.suning.com/mmds/mmds.js?v=202001140115&appCode=sSBPSduMXbsBS0Ra, line 3: unreachable code after return statement
JavaScript warning: https://mmds.suning.com/mmds/mmds.js?v=202001140115&appCode=sSBPSduMXbsBS0Ra, line 3: unreachable code after return statement
JavaScript warning: https://mmds.suning.com/mmds/mmds.js?v=202001140115&appCode=sSBPSduMXbsBS0Ra, line 3: unreachable code after return statement
JavaScript warning: https://mmds.suning.com/mmds/mmds.js?v=202001140115&appCode=sSBPSduMXbsBS0Ra, line 3: unreachable code after return statement
JavaScript warning: https://mmds.suning.com/mmds/mmds.js?v=202001140115&appCode=sSBPSduMXbsBS0Ra, line 3: unreachable code after return statement
JavaScript warning: https://mmds.suning.com/mmds/mmds.js?v=202001140115&appCode=sSBPSduMXbsBS0Ra, line 3: unreachable code after return statement
JavaScript warning: https://mmds.suning.com/mmds/mmds.js?v=202001140115&appCode=sSBPSduMXbsBS0Ra, line 3: unreachable code after return statement
JavaScript warning: https://mmds.suning.com/mmds/mmds.js?v=202001140115&appCode=sSBPSduMXbsBS0Ra, line 3: unreachable code after return statement
JavaScript warning: https://mmds.suning.com/mmds/mmds.js?v=202001140115&appCode=sSBPSduMXbsBS0Ra, line 3: unreachable code after return statement
JavaScript warning: https://mmds.suning.com/mmds/mmds.js?v=202001140115&appCode=sSBPSduMXbsBS0Ra, line 3: unreachable code after return statement
JavaScript warning: https://mmds.suning.com/mmds/mmds.js?v=202001140115&appCode=sSBPSduMXbsBS0Ra, line 3: unreachable code after return statement
JavaScript warning: https://mmds.suning.com/mmds/mmds.js?v=202001140115&appCode=sSBPSduMXbsBS0Ra, line 3: unreachable code after return statement
JavaScript warning: https://mmds.suning.com/mmds/mmds.js?v=202001140115&appCode=sSBPSduMXbsBS0Ra, line 3: unreachable code after return statement
JavaScript warning: https://mmds.suning.com/mmds/mmds.js?v=202001140115&appCode=sSBPSduMXbsBS0Ra, line 3: unreachable code after return statement
JavaScript warning: https://mmds.suning.com/mmds/mmds.js?v=202001140115&appCode=sSBPSduMXbsBS0Ra, line 3: unreachable code after return statement
JavaScript warning: https://mmds.suning.com/mmds/mmds.js?v=202001140115&appCode=sSBPSduMXbsBS0Ra line 1 > Function, line 3: unreachable code after return statement
JavaScript warning: https://mmds.suning.com/mmds/mmds.js?v=202001140115&appCode=sSBPSduMXbsBS0Ra line 1 > Function, line 3: unreachable code after return statement
JavaScript warning: https://mmds.suning.com/mmds/mmds.js?v=202001140115&appCode=sSBPSduMXbsBS0Ra line 1 > Function, line 3: unreachable code after return statement
JavaScript warning: https://mmds.suning.com/mmds/mmds.js?v=202001140115&appCode=sSBPSduMXbsBS0Ra line 1 > Function, line 3: unreachable code after return statement
JavaScript warning: https://mmds.suning.com/mmds/mmds.js?v=202001140115&appCode=sSBPSduMXbsBS0Ra line 1 > Function, line 3: unreachable code after return statement
JavaScript warning: https://mmds.suning.com/mmds/mmds.js?v=202001140115&appCode=sSBPSduMXbsBS0Ra line 1 > Function, line 3: unreachable code after return statement
JavaScript warning: https://mmds.suning.com/mmds/mmds.js?v=202001140115&appCode=sSBPSduMXbsBS0Ra line 1 > Function, line 3: unreachable code after return statement
JavaScript warning: https://mmds.suning.com/mmds/mmds.js?v=202001140115&appCode=sSBPSduMXbsBS0Ra line 1 > Function, line 3: unreachable code after return statement
JavaScript warning: https://mmds.suning.com/mmds/mmds.js?v=202001140115&appCode=sSBPSduMXbsBS0Ra line 1 > Function, line 3: unreachable code after return statement
JavaScript warning: https://mmds.suning.com/mmds/mmds.js?v=202001140115&appCode=sSBPSduMXbsBS0Ra line 1 > Function, line 3: unreachable code after return statement
JavaScript warning: https://mmds.suning.com/mmds/mmds.js?v=202001140115&appCode=sSBPSduMXbsBS0Ra line 1 > Function, line 3: unreachable code after return statement
JavaScript warning: https://mmds.suning.com/mmds/mmds.js?v=202001140115&appCode=sSBPSduMXbsBS0Ra line 1 > Function, line 3: unreachable code after return statement
JavaScript warning: https://mmds.suning.com/mmds/mmds.js?v=202001140115&appCode=sSBPSduMXbsBS0Ra line 1 > Function, line 3: unreachable code after return statement
JavaScript warning: https://mmds.suning.com/mmds/mmds.js?v=202001140115&appCode=sSBPSduMXbsBS0Ra line 1 > Function, line 3: unreachable code after return statement
JavaScript warning: https://mmds.suning.com/mmds/mmds.js?v=202001140115&appCode=sSBPSduMXbsBS0Ra line 1 > Function, line 3: unreachable code after return statement
JavaScript warning: https://mmds.suning.com/mmds/mmds.js?v=202001140115&appCode=sSBPSduMXbsBS0Ra line 1 > Function, line 3: unreachable code after return statement
JavaScript warning: https://mmds.suning.com/mmds/mmds.js?v=202001140115&appCode=sSBPSduMXbsBS0Ra line 1 > Function, line 3: unreachable code after return statement
JavaScript warning: https://mmds.suning.com/mmds/mmds.js?v=202001140115&appCode=sSBPSduMXbsBS0Ra line 1 > Function, line 3: unreachable code after return statement
JavaScript warning: https://mmds.suning.com/mmds/mmds.js?v=202001140115&appCode=sSBPSduMXbsBS0Ra line 1 > Function, line 3: unreachable code after return statement
JavaScript warning: https://mmds.suning.com/mmds/mmds.js?v=202001140115&appCode=sSBPSduMXbsBS0Ra line 1 > Function, line 3: unreachable code after return statement
JavaScript warning: https://mmds.suning.com/mmds/mmds.js?v=202001140115&appCode=sSBPSduMXbsBS0Ra line 1 > Function, line 3: unreachable code after return statement
JavaScript warning: https://mmds.suning.com/mmds/mmds.js?v=202001140115&appCode=sSBPSduMXbsBS0Ra line 1 > Function, line 3: unreachable code after return statement
JavaScript warning: https://mmds.suning.com/mmds/mmds.js?v=202001140115&appCode=sSBPSduMXbsBS0Ra line 1 > Function, line 3: unreachable code after return statement
JavaScript warning: https://mmds.suning.com/mmds/mmds.js?v=202001140115&appCode=sSBPSduMXbsBS0Ra line 1 > Function, line 3: unreachable code after return statement
JavaScript warning: https://mmds.suning.com/mmds/mmds.js?v=202001140115&appCode=sSBPSduMXbsBS0Ra line 1 > Function, line 3: unreachable code after return statement
JavaScript warning: https://mmds.suning.com/mmds/mmds.js?v=202001140115&appCode=sSBPSduMXbsBS0Ra line 1 > Function, line 3: unreachable code after return statement
JavaScript warning: https://mmds.suning.com/mmds/mmds.js?v=202001140115&appCode=sSBPSduMXbsBS0Ra line 1 > Function, line 3: unreachable code after return statement
JavaScript warning: https://mmds.suning.com/mmds/mmds.js?v=202001140115&appCode=sSBPSduMXbsBS0Ra line 1 > Function, line 3: unreachable code after return statement
JavaScript warning: https://mmds.suning.com/mmds/mmds.js?v=202001140115&appCode=sSBPSduMXbsBS0Ra line 1 > Function, line 3: unreachable code after return statement
JavaScript warning: https://mmds.suning.com/mmds/mmds.js?v=202001140115&appCode=sSBPSduMXbsBS0Ra line 1 > Function, line 3: unreachable code after return statement
JavaScript warning: https://mmds.suning.com/mmds/mmds.js?v=202001140115&appCode=sSBPSduMXbsBS0Ra line 1 > Function, line 3: unreachable code after return statement
JavaScript warning: https://mmds.suning.com/mmds/mmds.js?v=202001140115&appCode=sSBPSduMXbsBS0Ra line 1 > Function, line 3: unreachable code after return statement
JavaScript warning: https://mmds.suning.com/mmds/mmds.js?v=202001140115&appCode=sSBPSduMXbsBS0Ra line 1 > Function, line 3: unreachable code after return statement
JavaScript warning: https://mmds.suning.com/mmds/mmds.js?v=202001140115&appCode=sSBPSduMXbsBS0Ra line 1 > Function, line 3: unreachable code after return statement
JavaScript warning: https://mmds.suning.com/mmds/mmds.js?v=202001140115&appCode=sSBPSduMXbsBS0Ra line 1 > Function, line 3: unreachable code after return statement
JavaScript warning: https://mmds.suning.com/mmds/mmds.js?v=202001140115&appCode=sSBPSduMXbsBS0Ra line 1 > Function, line 3: unreachable code after return statement
JavaScript warning: https://mmds.suning.com/mmds/mmds.js?v=202001140115&appCode=sSBPSduMXbsBS0Ra line 1 > Function, line 3: unreachable code after return statement
JavaScript warning: https://mmds.suning.com/mmds/mmds.js?v=202001140115&appCode=sSBPSduMXbsBS0Ra line 1 > Function, line 3: unreachable code after return statement
JavaScript warning: https://mmds.suning.com/mmds/mmds.js?v=202001140115&appCode=sSBPSduMXbsBS0Ra line 1 > Function, line 3: unreachable code after return statement
JavaScript warning: https://mmds.suning.com/mmds/mmds.js?v=202001140115&appCode=sSBPSduMXbsBS0Ra line 1 > Function, line 3: unreachable code after return statement
JavaScript warning: https://mmds.suning.com/mmds/mmds.js?v=202001140115&appCode=sSBPSduMXbsBS0Ra line 1 > Function, line 3: unreachable code after return statement
JavaScript warning: https://mmds.suning.com/mmds/mmds.js?v=202001140115&appCode=sSBPSduMXbsBS0Ra line 1 > Function, line 3: unreachable code after return statement
JavaScript warning: https://mmds.suning.com/mmds/mmds.js?v=202001140115&appCode=sSBPSduMXbsBS0Ra line 1 > Function, line 3: unreachable code after return statement
JavaScript warning: https://mmds.suning.com/mmds/mmds.js?v=202001140115&appCode=sSBPSduMXbsBS0Ra line 1 > Function, line 3: unreachable code after return statement
JavaScript warning: https://mmds.suning.com/mmds/mmds.js?v=202001140115&appCode=sSBPSduMXbsBS0Ra line 1 > Function, line 3: unreachable code after return statement
JavaScript warning: https://mmds.suning.com/mmds/mmds.js?v=202001140115&appCode=sSBPSduMXbsBS0Ra line 1 > Function, line 3: unreachable code after return statement
JavaScript warning: https://mmds.suning.com/mmds/mmds.js?v=202001140115&appCode=sSBPSduMXbsBS0Ra line 1 > Function, line 3: unreachable code after return statement
JavaScript warning: https://mmds.suning.com/mmds/mmds.js?v=202001140115&appCode=sSBPSduMXbsBS0Ra line 1 > Function, line 3: unreachable code after return statement
JavaScript warning: https://mmds.suning.com/mmds/mmds.js?v=202001140115&appCode=sSBPSduMXbsBS0Ra line 1 > Function, line 3: unreachable code after return statement
JavaScript warning: https://mmds.suning.com/mmds/mmds.js?v=202001140115&appCode=sSBPSduMXbsBS0Ra line 1 > Function, line 3: unreachable code after return statement
JavaScript warning: https://mmds.suning.com/mmds/mmds.js?v=202001140115&appCode=sSBPSduMXbsBS0Ra line 1 > Function, line 3: unreachable code after return statement
JavaScript warning: https://mmds.suning.com/mmds/mmds.js?v=202001140115&appCode=sSBPSduMXbsBS0Ra line 1 > Function, line 3: unreachable code after return statement
JavaScript warning: https://mmds.suning.com/mmds/mmds.js?v=202001140115&appCode=sSBPSduMXbsBS0Ra line 1 > Function, line 3: unreachable code after return statement
JavaScript warning: https://mmds.suning.com/mmds/mmds.js?v=202001140115&appCode=sSBPSduMXbsBS0Ra line 1 > Function, line 3: unreachable code after return statement
JavaScript warning: https://mmds.suning.com/mmds/mmds.js?v=202001140115&appCode=sSBPSduMXbsBS0Ra line 1 > Function, line 3: unreachable code after return statement
JavaScript warning: https://mmds.suning.com/mmds/mmds.js?v=202001140115&appCode=sSBPSduMXbsBS0Ra line 1 > Function, line 3: unreachable code after return statement
JavaScript warning: https://mmds.suning.com/mmds/mmds.js?v=202001140115&appCode=sSBPSduMXbsBS0Ra line 1 > Function, line 3: unreachable code after return statement
JavaScript warning: https://mmds.suning.com/mmds/mmds.js?v=202001140115&appCode=sSBPSduMXbsBS0Ra line 1 > Function, line 3: unreachable code after return statement
JavaScript warning: https://mmds.suning.com/mmds/mmds.js?v=202001140115&appCode=sSBPSduMXbsBS0Ra line 1 > Function, line 3: unreachable code after return statement
JavaScript warning: https://mmds.suning.com/mmds/mmds.js?v=202001140115&appCode=sSBPSduMXbsBS0Ra line 1 > Function, line 3: unreachable code after return statement
JavaScript warning: https://mmds.suning.com/mmds/mmds.js?v=202001140115&appCode=sSBPSduMXbsBS0Ra line 1 > Function, line 3: unreachable code after return statement
JavaScript warning: https://mmds.suning.com/mmds/mmds.js?v=202001140115&appCode=sSBPSduMXbsBS0Ra line 1 > Function, line 3: unreachable code after return statement
JavaScript warning: https://mmds.suning.com/mmds/mmds.js?v=202001140115&appCode=sSBPSduMXbsBS0Ra line 1 > Function, line 3: unreachable code after return statement
JavaScript warning: https://mmds.suning.com/mmds/mmds.js?v=202001140115&appCode=sSBPSduMXbsBS0Ra line 1 > Function, line 3: unreachable code after return statement
JavaScript warning: https://mmds.suning.com/mmds/mmds.js?v=202001140115&appCode=sSBPSduMXbsBS0Ra line 1 > Function, line 3: unreachable code after return statement
JavaScript warning: https://mmds.suning.com/mmds/mmds.js?v=202001140115&appCode=sSBPSduMXbsBS0Ra line 1 > Function, line 3: unreachable code after return statement
JavaScript warning: https://mmds.suning.com/mmds/mmds.js?v=202001140115&appCode=sSBPSduMXbsBS0Ra line 1 > Function, line 3: unreachable code after return statement
JavaScript warning: https://mmds.suning.com/mmds/mmds.js?v=202001140115&appCode=sSBPSduMXbsBS0Ra line 1 > Function, line 3: unreachable code after return statement
JavaScript warning: https://mmds.suning.com/mmds/mmds.js?v=202001140115&appCode=sSBPSduMXbsBS0Ra line 1 > Function, line 3: unreachable code after return statement
JavaScript warning: https://mmds.suning.com/mmds/mmds.js?v=202001140115&appCode=sSBPSduMXbsBS0Ra line 1 > Function, line 3: unreachable code after return statement
JavaScript warning: https://mmds.suning.com/mmds/mmds.js?v=202001140115&appCode=sSBPSduMXbsBS0Ra line 1 > Function, line 3: unreachable code after return statement
JavaScript warning: https://mmds.suning.com/mmds/mmds.js?v=202001140115&appCode=sSBPSduMXbsBS0Ra line 1 > Function, line 3: unreachable code after return statement
JavaScript warning: https://mmds.suning.com/mmds/mmds.js?v=202001140115&appCode=sSBPSduMXbsBS0Ra line 1 > Function, line 3: unreachable code after return statement
JavaScript error: https://cn.student.com/au/adelaide?utm_source=baidu&utm_medium=cpc&utm_campaign=3_destination_au_pc&utm_content=3_adelaide_g_web_p&utm_term=adelaide%E7%A7%9F%E6%88%BF%E7%BD%91#sign-up line 207 > scriptElement, line 1: ReferenceError: jQuery is not defined
[Child 12952, Chrome_ChildThread] WARNING: pipe error: 232: file z:/task_1579288126/build/src/ipc/chromium/src/chrome/common/ipc_channel_win.cc, line 507
1580442588316	Marionette	INFO	Stopped listening on port 56443

###!!! [Child][RunMessage] Error: Channel closing: too late to send/recv, messages will be lost


###!!! [Child][MessageChannel::SendAndWait] Error: Channel error: cannot send/recv

ddons.webextension.screenshots@mozilla.org	WARN	Loading extension 'screenshots@mozilla.org': Reading manifest: Invalid extension permission: mozillaAddons
1580442063370	addons.webextension.screenshots@mozilla.org	WARN	Loading extension 'screenshots@mozilla.org': Reading manifest: Invalid extension permission: telemetry
1580442063370	addons.webextension.screenshots@mozilla.org	WARN	Loading extension 'screenshots@mozilla.org': Reading manifest: Invalid extension permission: resource://pdf.js/
1580442063370	addons.webextension.screenshots@mozilla.org	WARN	Loading extension 'screenshots@mozilla.org': Reading manifest: Invalid extension permission: about:reader*
JavaScript error: resource://gre/modules/XULStore.jsm, line 66: Error: Can't find profile directory.
1580442070226	Marionette	INFO	Listening on port 56679
1580442070526	Marionette	WARN	TLS certificate errors will be ignored for this session
1580442589483	Marionette	INFO	Stopped listening on port 56679

###!!! [Child][RunMessage] Error: Channel closing: too late to send/recv, messages will be lost


###!!! [Child][MessageChannel::SendAndWait] Error: Channel error: cannot send/recv

on.doh-rollout@mozilla.org	WARN	Loading extension 'doh-rollout@mozilla.org': Reading manifest: Invalid extension permission: networkStatus
1580442179673	addons.webextension.screenshots@mozilla.org	WARN	Loading extension 'screenshots@mozilla.org': Reading manifest: Invalid extension permission: mozillaAddons
1580442179673	addons.webextension.screenshots@mozilla.org	WARN	Loading extension 'screenshots@mozilla.org': Reading manifest: Invalid extension permission: telemetry
1580442179673	addons.webextension.screenshots@mozilla.org	WARN	Loading extension 'screenshots@mozilla.org': Reading manifest: Invalid extension permission: resource://pdf.js/
1580442179673	addons.webextension.screenshots@mozilla.org	WARN	Loading extension 'screenshots@mozilla.org': Reading manifest: Invalid extension permission: about:reader*
JavaScript error: resource://gre/modules/XULStore.jsm, line 66: Error: Can't find profile directory.
1580442193155	Marionette	INFO	Listening on port 56775
1580442193473	Marionette	WARN	TLS certificate errors will be ignored for this session
SourceActor threw an exception: [Exception... "Failed to open input source 'javascript:void(0);'"  nsresult: "0x80040111 (NS_ERROR_NOT_AVAILABLE)"  location: "JS frame :: resource://devtools/shared/DevToolsUtils.js :: mainThreadFetch/< :: line 680"  data: yes]
Stack: mainThreadFetch/<@resource://devtools/shared/DevToolsUtils.js:680:15
mainThreadFetch@resource://devtools/shared/DevToolsUtils.js:530:10
_fetchURLContents@resource://devtools/server/actors/utils/TabSources.js:580:22
urlContents@resource://devtools/server/actors/utils/TabSources.js:547:17
_resurrectSource@resource://devtools/server/actors/thread.js:2097:69
addAllSources@resource://devtools/server/actors/thread.js:1379:14
onSources@resource://devtools/server/actors/thread.js:1385:10
onPacket@resource://devtools/server/debugger-server-connection.js:378:58
receiveMessage@resource://devtools/shared/transport/child-transport.js:66:16
Line: 680, column: 0
console.error: ({})
JavaScript error: resource://devtools/shared/DevToolsUtils.js, line 680: NS_ERROR_NOT_AVAILABLE: Failed to open input source 'javascript:void(0);'
[Parent 13636, Gecko_IOThread] WARNING: file z:/task_1579288126/build/src/ipc/chromium/src/base/process_util_win.cc, line 160
JavaScript error: , line 0: AbortError: A request was aborted, for example through a call to IDBTransaction.abort.
1580442577339	Marionette	INFO	Stopped listening on port 56775

###!!! [Child][RunMessage] Error: Channel closing: too late to send/recv, messages will be lost


###!!! [Child][MessageChannel::SendAndWait] Error: Channel error: cannot send/recv

rg': Reading manifest: Invalid extension permission: mozillaAddons
1580442409053	addons.webextension.screenshots@mozilla.org	WARN	Loading extension 'screenshots@mozilla.org': Reading manifest: Invalid extension permission: telemetry
1580442409053	addons.webextension.screenshots@mozilla.org	WARN	Loading extension 'screenshots@mozilla.org': Reading manifest: Invalid extension permission: resource://pdf.js/
1580442409054	addons.webextension.screenshots@mozilla.org	WARN	Loading extension 'screenshots@mozilla.org': Reading manifest: Invalid extension permission: about:reader*
JavaScript error: resource://gre/modules/XULStore.jsm, line 66: Error: Can't find profile directory.
1580442415615	Marionette	INFO	Listening on port 56887
1580442416088	Marionette	WARN	TLS certificate errors will be ignored for this session
JavaScript error: resource://gre/modules/IndexedDB.jsm, line 370: UnknownError: The operation failed for reasons unrelated to the database itself and not covered by any other error code.
1580442550226	Marionette	INFO	Stopped listening on port 56887

###!!! [Child][RunMessage] Error: Channel closing: too late to send/recv, messages will be lost


###!!! [Child][MessageChannel::SendAndWait] Error: Channel error: cannot send/recv

1580475944200	mozrunner::runner	INFO	Running command: "C:\\Program Files\\Mozilla Firefox\\firefox.exe" "-marionette" "-foreground" "-no-remote" "-profile" "C:\\Users\\恋战\\AppData\\Local\\Temp\\rust_mozprofileneib3Q"
1580475945909	addons.webextension.doh-rollout@mozilla.org	WARN	Loading extension 'doh-rollout@mozilla.org': Reading manifest: Invalid extension permission: networkStatus
1580475946089	addons.webextension.screenshots@mozilla.org	WARN	Loading extension 'screenshots@mozilla.org': Reading manifest: Invalid extension permission: mozillaAddons
1580475946089	addons.webextension.screenshots@mozilla.org	WARN	Loading extension 'screenshots@mozilla.org': Reading manifest: Invalid extension permission: telemetry
1580475946089	addons.webextension.screenshots@mozilla.org	WARN	Loading extension 'screenshots@mozilla.org': Reading manifest: Invalid extension permission: resource://pdf.js/
1580475946089	addons.webextension.screenshots@mozilla.org	WARN	Loading extension 'screenshots@mozilla.org': Reading manifest: Invalid extension permission: about:reader*
JavaScript error: resource://gre/modules/XULStore.jsm, line 66: Error: Can't find profile directory.
1580475951717	Marionette	INFO	Listening on port 51468
1580475952092	Marionette	WARN	TLS certificate errors will be ignored for this session
JavaScript error: https://d.jd.com/lab/get?callback=lab, line 1: SyntaxError: unexpected token: identifier
JavaScript error: https://misc.360buyimg.com/mtd/pc/index_2019/1.0.0/static/js/runtime.js, line 1: Error: Loading chunk 18 failed.
(error: https://misc.360buyimg.com/mtd/pc/index_2019/1.0.0/static/js/toolbar.chunk.js)
JavaScript error: https://d.jd.com/lab/get?callback=lab, line 1: SyntaxError: unexpected token: identifier
1580476026816	Marionette	INFO	Stopped listening on port 51468

###!!! [Child][MessageChannel::SendAndWait] Error: Channel error: cannot send/recv

ile" "C:\\Users\\恋战\\AppData\\Local\\Temp\\rust_mozprofilekXXRGH"
1580475994973	addons.webextension.doh-rollout@mozilla.org	WARN	Loading extension 'doh-rollout@mozilla.org': Reading manifest: Invalid extension permission: networkStatus
1580475995084	addons.webextension.screenshots@mozilla.org	WARN	Loading extension 'screenshots@mozilla.org': Reading manifest: Invalid extension permission: mozillaAddons
1580475995084	addons.webextension.screenshots@mozilla.org	WARN	Loading extension 'screenshots@mozilla.org': Reading manifest: Invalid extension permission: telemetry
1580475995085	addons.webextension.screenshots@mozilla.org	WARN	Loading extension 'screenshots@mozilla.org': Reading manifest: Invalid extension permission: resource://pdf.js/
1580475995085	addons.webextension.screenshots@mozilla.org	WARN	Loading extension 'screenshots@mozilla.org': Reading manifest: Invalid extension permission: about:reader*
JavaScript error: resource://gre/modules/XULStore.jsm, line 66: Error: Can't find profile directory.
1580475999679	Marionette	INFO	Listening on port 51627
1580475999914	Marionette	WARN	TLS certificate errors will be ignored for this session
JavaScript warning: https://apps.bdimg.com/libs/jquery/1.10.2/jquery.min.js, line 2: Using //@ to indicate sourceMappingURL pragmas is deprecated. Use //# instead
1580476009926	Marionette	WARN	TimedPromise timed out after 0 ms: stacktrace:
bail@chrome://marionette/content/sync.js:237:64
1580476010227	Marionette	WARN	TimedPromise timed out after 0 ms: stacktrace:
bail@chrome://marionette/content/sync.js:237:64
1580476010229	Marionette	WARN	TimedPromise timed out after 0 ms: stacktrace:
bail@chrome://marionette/content/sync.js:237:64
1580476010501	Marionette	WARN	TimedPromise timed out after 0 ms: stacktrace:
bail@chrome://marionette/content/sync.js:237:64
JavaScript warning: https://apps.bdimg.com/libs/jquery/1.10.2/jquery.min.js, line 2: Using //@ to indicate sourceMappingURL pragmas is deprecated. Use //# instead
JavaScript warning: https://apps.bdimg.com/libs/jquery/1.10.2/jquery.min.js, line 2: Using //@ to indicate sourceMappingURL pragmas is deprecated. Use //# instead
JavaScript warning: https://apps.bdimg.com/libs/jquery/1.10.2/jquery.min.js, line 2: Using //@ to indicate sourceMappingURL pragmas is deprecated. Use //# instead
1580476023723	mozrunner::runner	INFO	Running command: "C:\\Program Files\\Mozilla Firefox\\firefox.exe" "-marionette" "-foreground" "-no-remote" "-profile" "C:\\Users\\恋战\\AppData\\Local\\Temp\\rust_mozprofile74BCi2"
1580476026541580476033940	Marionette	INFO	Stopped listening on port 51627

###!!! [Child][RunMessage] Error: Channel closing: too late to send/recv, messages will be lost


###!!! [Child][MessageChannel::SendAndWait] Error: Channel error: cannot send/recv

@mozilla.org': Reading manifest: Invalid extension permission: mozillaAddons
1580476026656	addons.webextension.screenshots@mozilla.org	WARN	Loading extension 'screenshots@mozilla.org': Reading manifest: Invalid extension permission: telemetry
1580476026656	addons.webextension.screenshots@mozilla.org	WARN	Loading extension 'screenshots@mozilla.org': Reading manifest: Invalid extension permission: resource://pdf.js/
1580476026656	addons.webextension.screenshots@mozilla.org	WARN	Loading extension 'screenshots@mozilla.org': Reading manifest: Invalid extension permission: about:reader*
JavaScript error: resource://gre/modules/XULStore.jsm, line 66: Error: Can't find profile directory.
console.error: "Could not write session state file " (new Error("_initWorker called too early! Please read the session file from disk first.", "resource:///modules/sessionstore/SessionFile.jsm", 375)) "_initWorker/<@resource:///modules/sessionstore/SessionFile.jsm:375:15\n_initWorker@resource:///modules/sessionstore/SessionFile.jsm:368:12\n_postToWorker@resource:///modules/sessionstore/SessionFile.jsm:410:16\nwrite@resource:///modules/sessionstore/SessionFile.jsm:448:24\nwrite@resource:///modules/sessionstore/SessionFile.jsm:75:32\n_writeState@resource:///modules/sessionstore/SessionSaver.jsm:360:24\n_saveState@resource:///modules/sessionstore/SessionSaver.jsm:294:17\n_saveStateAsync@resource:///modules/sessionstore/SessionSaver.jsm:344:10\nsaveStateAsyncWhenIdle@resource:///modules/sessionstore/SessionSaver.jsm:191:14\ncallback@resource://gre/modules/Timer.jsm:125:16\n"
1580476036085	Marionette	INFO	Listening on port 51746
1580476036380	Marionette	WARN	TLS certificate errors will be ignored for this session
